{"level":"info","message":"New multiply operation requested: 7 * 5 = 35","service":"calculator-microservice"}
{"level":"info","message":"New multiply operation requested: 7 * 5 = 35","service":"calculator-microservice"}
{"level":"info","message":"New exponentation operation requested: 3 ** 2 = 9","service":"calculator-microservice"}
{"level":"info","message":"New exponentation operation requested: 3 ** 2 = 9","service":"calculator-microservice"}
{"level":"info","message":"New exponentation operation requested: 4 ** 2 = 16","service":"calculator-microservice"}
{"level":"info","message":"New exponentation operation requested: 4 ** 2 = 16","service":"calculator-microservice"}
{"level":"info","message":"New square root operation requested","service":"calculator-microservice"}
{"level":"info","message":"New square root operation requested","service":"calculator-microservice"}
{"level":"info","message":"New square root operation requested","service":"calculator-microservice"}
{"level":"info","message":"New square root operation requested","service":"calculator-microservice"}
{"level":"info","message":"New square root operation requested","service":"calculator-microservice"}
{"level":"info","message":"New square root operation requested","service":"calculator-microservice"}
{"level":"info","message":"New square root operation requested","service":"calculator-microservice"}
{"level":"info","message":"New square root operation requested","service":"calculator-microservice"}
{"level":"info","message":"New square root operation requested","service":"calculator-microservice"}
{"level":"info","message":"New square root operation requested","service":"calculator-microservice"}
{"level":"info","message":"New square root operation requested","service":"calculator-microservice"}
{"level":"info","message":"New square root operation requested","service":"calculator-microservice"}
{"level":"info","message":"New square root operation requested","service":"calculator-microservice"}
{"level":"info","message":"New square root operation requested","service":"calculator-microservice"}
{"level":"info","message":"New square root operation requested","service":"calculator-microservice"}
{"level":"info","message":"New square root operation requested","service":"calculator-microservice"}
{"level":"info","message":"New square root operation requested","service":"calculator-microservice"}
{"level":"info","message":"New square root operation requested","service":"calculator-microservice"}
{"level":"info","message":"New square root operation requested","service":"calculator-microservice"}
{"level":"info","message":"New square root operation requested","service":"calculator-microservice"}
{"level":"info","message":"New square root operation requested","service":"calculator-microservice"}
{"level":"info","message":"New square root operation requested","service":"calculator-microservice"}
{"level":"info","message":"New square root operation requested","service":"calculator-microservice"}
{"level":"info","message":"New square root operation requested","service":"calculator-microservice"}
{"level":"info","message":"New square root operation requested","service":"calculator-microservice"}
{"level":"info","message":"New square root operation requested","service":"calculator-microservice"}
{"level":"info","message":"New add operation requested: 5 + 4 = 10","service":"calculator-microservice"}
{"level":"info","message":"New add operation requested: 5 + 4 = 10","service":"calculator-microservice"}
{"level":"info","message":"New add operation requested: 5 + 3 = 10","service":"calculator-microservice"}
{"level":"info","message":"New add operation requested: 1 + 1 = 2","service":"calculator-microservice"}
{"level":"info","message":"New add operation requested: 1 + 1 = 2","service":"calculator-microservice"}
{"level":"info","message":"New add operation requested: 1 + 1 = 2","service":"calculator-microservice"}
{"level":"info","message":"New add operation requested: 1 + 1 = 2","service":"calculator-microservice"}
{"level":"info","message":"New add operation requested: 1 + 1 = 2","service":"calculator-microservice"}
{"level":"info","message":"New add operation requested: 1 + 1 = 2","service":"calculator-microservice"}
{"level":"info","message":"New add operation requested: 1 + 1 = 2","service":"calculator-microservice"}
{"level":"info","message":"New add operation requested: 1 + 1 = 2","service":"calculator-microservice"}
{"level":"info","message":"New add operation requested: 1 + 1 = 2","service":"calculator-microservice"}
{"level":"info","message":"New add operation requested: 1 + 2 = 2","service":"calculator-microservice"}
{"level":"info","message":"New add operation requested: 1 + 2 = 2","service":"calculator-microservice"}
{"level":"info","message":"New add operation requested: 1 + 2 = 2","service":"calculator-microservice"}
{"level":"info","message":"New add operation requested: 1 + 2 = 2","service":"calculator-microservice"}
{"level":"info","message":"New add operation requested: 1 + 2 = 2","service":"calculator-microservice"}
{"level":"info","message":"New add operation requested: 1 + 2 = 2","service":"calculator-microservice"}
{"level":"info","message":"New add operation requested: 2 + 3 = 5","service":"calculator-microservice"}
{"level":"info","message":"New add operation requested: 2 + 3 = 5","service":"calculator-microservice"}
{"level":"info","message":"New add operation requested: 2 + 2 = 4","service":"calculator-microservice"}
{"level":"info","message":"New add operation requested: 2 + 2 = 4","service":"calculator-microservice"}
{"level":"error","message":"Error catching calculations: Operation `calculations.find()` buffering timed out after 10000ms","service":"calculator-microservice","stack":"MongooseError: Operation `calculations.find()` buffering timed out after 10000ms\n    at Timeout.<anonymous> (/Users/mirahazall/Desktop/sit737-2025-prac9p/node_modules/mongoose/lib/drivers/node-mongodb-native/collection.js:187:23)\n    at listOnTimeout (node:internal/timers:611:17)\n    at process.processTimers (node:internal/timers:546:7)"}
{"level":"error","message":"Error catching calculations: Operation `calculations.find()` buffering timed out after 10000ms","service":"calculator-microservice","stack":"MongooseError: Operation `calculations.find()` buffering timed out after 10000ms\n    at Timeout.<anonymous> (/Users/mirahazall/Desktop/sit737-2025-prac9p/node_modules/mongoose/lib/drivers/node-mongodb-native/collection.js:187:23)\n    at listOnTimeout (node:internal/timers:611:17)\n    at process.processTimers (node:internal/timers:546:7)"}
{"level":"error","message":"Error catching calculations: Operation `calculations.find()` buffering timed out after 10000ms","service":"calculator-microservice","stack":"MongooseError: Operation `calculations.find()` buffering timed out after 10000ms\n    at Timeout.<anonymous> (/Users/mirahazall/Desktop/sit737-2025-prac9p/node_modules/mongoose/lib/drivers/node-mongodb-native/collection.js:187:23)\n    at listOnTimeout (node:internal/timers:611:17)\n    at process.processTimers (node:internal/timers:546:7)"}
{"level":"error","message":"Error catching calculations: Operation `calculations.find()` buffering timed out after 10000ms","service":"calculator-microservice","stack":"MongooseError: Operation `calculations.find()` buffering timed out after 10000ms\n    at Timeout.<anonymous> (/Users/mirahazall/Desktop/sit737-2025-prac9p/node_modules/mongoose/lib/drivers/node-mongodb-native/collection.js:187:23)\n    at listOnTimeout (node:internal/timers:611:17)\n    at process.processTimers (node:internal/timers:546:7)"}
{"level":"error","message":"Error catching calculations: Operation `calculations.find()` buffering timed out after 10000ms","service":"calculator-microservice","stack":"MongooseError: Operation `calculations.find()` buffering timed out after 10000ms\n    at Timeout.<anonymous> (/Users/mirahazall/Desktop/sit737-2025-prac9p/node_modules/mongoose/lib/drivers/node-mongodb-native/collection.js:187:23)\n    at listOnTimeout (node:internal/timers:611:17)\n    at process.processTimers (node:internal/timers:546:7)"}
{"level":"error","message":"Error catching calculations: Operation `calculations.find()` buffering timed out after 10000ms","service":"calculator-microservice","stack":"MongooseError: Operation `calculations.find()` buffering timed out after 10000ms\n    at Timeout.<anonymous> (/Users/mirahazall/Desktop/sit737-2025-prac9p/node_modules/mongoose/lib/drivers/node-mongodb-native/collection.js:187:23)\n    at listOnTimeout (node:internal/timers:611:17)\n    at process.processTimers (node:internal/timers:546:7)"}
{"level":"error","message":"Error catching calculations: Operation `calculations.find()` buffering timed out after 10000ms","service":"calculator-microservice","stack":"MongooseError: Operation `calculations.find()` buffering timed out after 10000ms\n    at Timeout.<anonymous> (/Users/mirahazall/Desktop/sit737-2025-prac9p/node_modules/mongoose/lib/drivers/node-mongodb-native/collection.js:187:23)\n    at listOnTimeout (node:internal/timers:611:17)\n    at process.processTimers (node:internal/timers:546:7)"}
{"level":"error","message":"Error catching calculations: Operation `calculations.find()` buffering timed out after 10000ms","service":"calculator-microservice","stack":"MongooseError: Operation `calculations.find()` buffering timed out after 10000ms\n    at Timeout.<anonymous> (/Users/mirahazall/Desktop/sit737-2025-prac9p/node_modules/mongoose/lib/drivers/node-mongodb-native/collection.js:187:23)\n    at listOnTimeout (node:internal/timers:611:17)\n    at process.processTimers (node:internal/timers:546:7)"}
{"level":"error","message":"Error catching calculations: Operation `calculations.find()` buffering timed out after 10000ms","service":"calculator-microservice","stack":"MongooseError: Operation `calculations.find()` buffering timed out after 10000ms\n    at Timeout.<anonymous> (/Users/mirahazall/Desktop/sit737-2025-prac9p/node_modules/mongoose/lib/drivers/node-mongodb-native/collection.js:187:23)\n    at listOnTimeout (node:internal/timers:611:17)\n    at process.processTimers (node:internal/timers:546:7)"}
{"level":"error","message":"Error catching calculations: Operation `calculations.find()` buffering timed out after 10000ms","service":"calculator-microservice","stack":"MongooseError: Operation `calculations.find()` buffering timed out after 10000ms\n    at Timeout.<anonymous> (/Users/mirahazall/Desktop/sit737-2025-prac9p/node_modules/mongoose/lib/drivers/node-mongodb-native/collection.js:187:23)\n    at listOnTimeout (node:internal/timers:611:17)\n    at process.processTimers (node:internal/timers:546:7)"}
{"level":"error","message":"Error catching calculations: Operation `calculations.find()` buffering timed out after 10000ms","service":"calculator-microservice","stack":"MongooseError: Operation `calculations.find()` buffering timed out after 10000ms\n    at Timeout.<anonymous> (/Users/mirahazall/Desktop/sit737-2025-prac9p/node_modules/mongoose/lib/drivers/node-mongodb-native/collection.js:187:23)\n    at listOnTimeout (node:internal/timers:611:17)\n    at process.processTimers (node:internal/timers:546:7)"}
{"level":"error","message":"Error catching calculations: Operation `calculations.find()` buffering timed out after 10000ms","service":"calculator-microservice","stack":"MongooseError: Operation `calculations.find()` buffering timed out after 10000ms\n    at Timeout.<anonymous> (/Users/mirahazall/Desktop/sit737-2025-prac9p/node_modules/mongoose/lib/drivers/node-mongodb-native/collection.js:187:23)\n    at listOnTimeout (node:internal/timers:611:17)\n    at process.processTimers (node:internal/timers:546:7)"}
{"level":"error","message":"Error catching calculations: Operation `calculations.find()` buffering timed out after 10000ms","service":"calculator-microservice","stack":"MongooseError: Operation `calculations.find()` buffering timed out after 10000ms\n    at Timeout.<anonymous> (/Users/mirahazall/Desktop/sit737-2025-prac9p/node_modules/mongoose/lib/drivers/node-mongodb-native/collection.js:187:23)\n    at listOnTimeout (node:internal/timers:611:17)\n    at process.processTimers (node:internal/timers:546:7)"}
{"level":"error","message":"Error catching calculations: Operation `calculations.find()` buffering timed out after 10000ms","service":"calculator-microservice","stack":"MongooseError: Operation `calculations.find()` buffering timed out after 10000ms\n    at Timeout.<anonymous> (/Users/mirahazall/Desktop/sit737-2025-prac9p/node_modules/mongoose/lib/drivers/node-mongodb-native/collection.js:187:23)\n    at listOnTimeout (node:internal/timers:611:17)\n    at process.processTimers (node:internal/timers:546:7)"}
{"level":"error","message":"Error catching calculations: Operation `calculations.find()` buffering timed out after 10000ms","service":"calculator-microservice","stack":"MongooseError: Operation `calculations.find()` buffering timed out after 10000ms\n    at Timeout.<anonymous> (/Users/mirahazall/Desktop/sit737-2025-prac9p/node_modules/mongoose/lib/drivers/node-mongodb-native/collection.js:187:23)\n    at listOnTimeout (node:internal/timers:611:17)\n    at process.processTimers (node:internal/timers:546:7)"}
{"level":"error","message":"Error catching calculations: Operation `calculations.find()` buffering timed out after 10000ms","service":"calculator-microservice","stack":"MongooseError: Operation `calculations.find()` buffering timed out after 10000ms\n    at Timeout.<anonymous> (/Users/mirahazall/Desktop/sit737-2025-prac9p/node_modules/mongoose/lib/drivers/node-mongodb-native/collection.js:187:23)\n    at listOnTimeout (node:internal/timers:611:17)\n    at process.processTimers (node:internal/timers:546:7)"}
{"level":"error","message":"Error catching calculations: Operation `calculations.find()` buffering timed out after 10000ms","service":"calculator-microservice","stack":"MongooseError: Operation `calculations.find()` buffering timed out after 10000ms\n    at Timeout.<anonymous> (/Users/mirahazall/Desktop/sit737-2025-prac9p/node_modules/mongoose/lib/drivers/node-mongodb-native/collection.js:187:23)\n    at listOnTimeout (node:internal/timers:611:17)\n    at process.processTimers (node:internal/timers:546:7)"}
{"level":"info","message":"New add operation requested: 4 + 1 = 5","service":"calculator-microservice"}
{"level":"info","message":"New add operation requested: 4 + 1 = 5","service":"calculator-microservice"}
{"level":"info","message":"New subtract operation requested: 3 - 1 = 2","service":"calculator-microservice"}
{"level":"info","message":"New exponentation operation requested: 6 ** 2 = 36","service":"calculator-microservice"}
{"level":"info","message":"New exponentation operation requested: 6 ** 2 = 36","service":"calculator-microservice"}
{"level":"info","message":"New exponentation operation requested: 6 ** 2 = 36","service":"calculator-microservice"}
{"level":"info","message":"New exponentation operation requested: 6 ** 2 = 36","service":"calculator-microservice"}
{"level":"info","message":"New exponentation operation requested: 6 ** 2 = 36","service":"calculator-microservice"}
{"level":"info","message":"New subtract operation requested: 2 - 1 = 1","service":"calculator-microservice"}
{"level":"info","message":"New add operation requested: 3 + 2 = 5","service":"calculator-microservice"}
{"level":"info","message":"New add operation requested: 4 + 2 = 6","service":"calculator-microservice"}
{"level":"info","message":"New add operation requested: 2 + 4 = 6","service":"calculator-microservice"}
